[4.233s] Invoking command in '/home/cairlab/amiga/src/amiga_sensors': PYTHONPATH=/home/cairlab/amiga/src/build/amiga_sensors/prefix_override:/home/cairlab/amiga/src/install/amiga_sensors/lib/python3.8/site-packages: /usr/bin/python3 -W ignore:setup.py install is deprecated setup.py egg_info --egg-base ../build/amiga_sensors build --build-base /home/cairlab/amiga/src/build/amiga_sensors/build install --record /home/cairlab/amiga/src/build/amiga_sensors/install.log --install-scripts $base/lib/amiga_sensors --single-version-externally-managed install_data
[5.119s] running egg_info
[5.121s] creating ../build/amiga_sensors/amiga_sensors.egg-info
[5.122s] writing ../build/amiga_sensors/amiga_sensors.egg-info/PKG-INFO
[5.123s] writing dependency_links to ../build/amiga_sensors/amiga_sensors.egg-info/dependency_links.txt
[5.124s] writing entry points to ../build/amiga_sensors/amiga_sensors.egg-info/entry_points.txt
[5.125s] writing requirements to ../build/amiga_sensors/amiga_sensors.egg-info/requires.txt
[5.125s] writing top-level names to ../build/amiga_sensors/amiga_sensors.egg-info/top_level.txt
[5.146s] writing manifest file '../build/amiga_sensors/amiga_sensors.egg-info/SOURCES.txt'
[5.291s] reading manifest file '../build/amiga_sensors/amiga_sensors.egg-info/SOURCES.txt'
[5.294s] writing manifest file '../build/amiga_sensors/amiga_sensors.egg-info/SOURCES.txt'
[5.294s] running build
[5.295s] running build_py
[5.298s] creating /home/cairlab/amiga/src/build/amiga_sensors/build
[5.301s] creating /home/cairlab/amiga/src/build/amiga_sensors/build/lib
[5.301s] creating /home/cairlab/amiga/src/build/amiga_sensors/build/lib/amiga_sensors
[5.302s] copying amiga_sensors/__init__.py -> /home/cairlab/amiga/src/build/amiga_sensors/build/lib/amiga_sensors
[5.302s] copying amiga_sensors/gps.py -> /home/cairlab/amiga/src/build/amiga_sensors/build/lib/amiga_sensors
[5.304s] running install
[5.307s] running install_lib
[5.312s] creating /home/cairlab/amiga/src/install/amiga_sensors/lib/python3.8/site-packages/amiga_sensors
[5.312s] copying /home/cairlab/amiga/src/build/amiga_sensors/build/lib/amiga_sensors/__init__.py -> /home/cairlab/amiga/src/install/amiga_sensors/lib/python3.8/site-packages/amiga_sensors
[5.313s] copying /home/cairlab/amiga/src/build/amiga_sensors/build/lib/amiga_sensors/gps.py -> /home/cairlab/amiga/src/install/amiga_sensors/lib/python3.8/site-packages/amiga_sensors
[5.315s] byte-compiling /home/cairlab/amiga/src/install/amiga_sensors/lib/python3.8/site-packages/amiga_sensors/__init__.py to __init__.cpython-38.pyc
[5.320s] byte-compiling /home/cairlab/amiga/src/install/amiga_sensors/lib/python3.8/site-packages/amiga_sensors/gps.py to gps.cpython-38.pyc
[5.323s] running install_data
[5.324s] creating /home/cairlab/amiga/src/install/amiga_sensors/share/ament_index
[5.324s] creating /home/cairlab/amiga/src/install/amiga_sensors/share/ament_index/resource_index
[5.325s] creating /home/cairlab/amiga/src/install/amiga_sensors/share/ament_index/resource_index/packages
[5.325s] copying resource/amiga_sensors -> /home/cairlab/amiga/src/install/amiga_sensors/share/ament_index/resource_index/packages
[5.325s] copying package.xml -> /home/cairlab/amiga/src/install/amiga_sensors/share/amiga_sensors
[5.326s] running install_egg_info
[5.332s] Copying ../build/amiga_sensors/amiga_sensors.egg-info to /home/cairlab/amiga/src/install/amiga_sensors/lib/python3.8/site-packages/amiga_sensors-0.0.0-py3.8.egg-info
[5.338s] running install_scripts
[5.409s] Installing gps script to /home/cairlab/amiga/src/install/amiga_sensors/lib/amiga_sensors
[5.410s] writing list of installed files to '/home/cairlab/amiga/src/build/amiga_sensors/install.log'
[5.523s] Invoked command in '/home/cairlab/amiga/src/amiga_sensors' returned '0': PYTHONPATH=/home/cairlab/amiga/src/build/amiga_sensors/prefix_override:/home/cairlab/amiga/src/install/amiga_sensors/lib/python3.8/site-packages: /usr/bin/python3 -W ignore:setup.py install is deprecated setup.py egg_info --egg-base ../build/amiga_sensors build --build-base /home/cairlab/amiga/src/build/amiga_sensors/build install --record /home/cairlab/amiga/src/build/amiga_sensors/install.log --install-scripts $base/lib/amiga_sensors --single-version-externally-managed install_data
