[4.238s] Invoking command in '/home/cairlab/amiga/src/amiga_sensors': PYTHONPATH=/home/cairlab/amiga/src/build/amiga_sensors/prefix_override:/home/cairlab/amiga/src/install/amiga_sensors/lib/python3.8/site-packages:${PYTHONPATH} /usr/bin/python3 -W ignore:setup.py install is deprecated setup.py egg_info --egg-base ../build/amiga_sensors build --build-base /home/cairlab/amiga/src/build/amiga_sensors/build install --record /home/cairlab/amiga/src/build/amiga_sensors/install.log --install-scripts $base/lib/amiga_sensors --single-version-externally-managed install_data
[5.070s] running egg_info
[5.071s] writing ../build/amiga_sensors/amiga_sensors.egg-info/PKG-INFO
[5.073s] writing dependency_links to ../build/amiga_sensors/amiga_sensors.egg-info/dependency_links.txt
[5.074s] writing entry points to ../build/amiga_sensors/amiga_sensors.egg-info/entry_points.txt
[5.075s] writing requirements to ../build/amiga_sensors/amiga_sensors.egg-info/requires.txt
[5.075s] writing top-level names to ../build/amiga_sensors/amiga_sensors.egg-info/top_level.txt
[5.203s] reading manifest file '../build/amiga_sensors/amiga_sensors.egg-info/SOURCES.txt'
[5.211s] writing manifest file '../build/amiga_sensors/amiga_sensors.egg-info/SOURCES.txt'
[5.211s] running build
[5.212s] running build_py
[5.212s] running install
[5.212s] running install_lib
[5.217s] running install_data
[5.218s] running install_egg_info
[5.224s] removing '/home/cairlab/amiga/src/install/amiga_sensors/lib/python3.8/site-packages/amiga_sensors-0.0.0-py3.8.egg-info' (and everything under it)
[5.226s] Copying ../build/amiga_sensors/amiga_sensors.egg-info to /home/cairlab/amiga/src/install/amiga_sensors/lib/python3.8/site-packages/amiga_sensors-0.0.0-py3.8.egg-info
[5.231s] running install_scripts
[5.294s] Installing gps script to /home/cairlab/amiga/src/install/amiga_sensors/lib/amiga_sensors
[5.298s] writing list of installed files to '/home/cairlab/amiga/src/build/amiga_sensors/install.log'
[5.403s] Invoked command in '/home/cairlab/amiga/src/amiga_sensors' returned '0': PYTHONPATH=/home/cairlab/amiga/src/build/amiga_sensors/prefix_override:/home/cairlab/amiga/src/install/amiga_sensors/lib/python3.8/site-packages:${PYTHONPATH} /usr/bin/python3 -W ignore:setup.py install is deprecated setup.py egg_info --egg-base ../build/amiga_sensors build --build-base /home/cairlab/amiga/src/build/amiga_sensors/build install --record /home/cairlab/amiga/src/build/amiga_sensors/install.log --install-scripts $base/lib/amiga_sensors --single-version-externally-managed install_data
