[3.870s] Invoking command in '/home/cairlab/amiga/src/amiga_sensors': PYTHONPATH=/home/cairlab/amiga/src/build/amiga_sensors/prefix_override:/home/cairlab/amiga/src/install/amiga_sensors/lib/python3.8/site-packages: /usr/bin/python3 -W ignore:setup.py install is deprecated setup.py egg_info --egg-base ../build/amiga_sensors build --build-base /home/cairlab/amiga/src/build/amiga_sensors/build install --record /home/cairlab/amiga/src/build/amiga_sensors/install.log --install-scripts $base/lib/amiga_sensors --single-version-externally-managed install_data
[4.661s] running egg_info
[4.663s] writing ../build/amiga_sensors/amiga_sensors.egg-info/PKG-INFO
[4.664s] writing dependency_links to ../build/amiga_sensors/amiga_sensors.egg-info/dependency_links.txt
[4.669s] writing entry points to ../build/amiga_sensors/amiga_sensors.egg-info/entry_points.txt
[4.670s] writing requirements to ../build/amiga_sensors/amiga_sensors.egg-info/requires.txt
[4.671s] writing top-level names to ../build/amiga_sensors/amiga_sensors.egg-info/top_level.txt
[4.802s] reading manifest file '../build/amiga_sensors/amiga_sensors.egg-info/SOURCES.txt'
[4.806s] writing manifest file '../build/amiga_sensors/amiga_sensors.egg-info/SOURCES.txt'
[4.807s] running build
[4.807s] running build_py
[4.813s] running install
[4.816s] running install_lib
[4.820s] running install_data
[4.821s] running install_egg_info
[4.827s] removing '/home/cairlab/amiga/src/install/amiga_sensors/lib/python3.8/site-packages/amiga_sensors-0.0.0-py3.8.egg-info' (and everything under it)
[4.829s] Copying ../build/amiga_sensors/amiga_sensors.egg-info to /home/cairlab/amiga/src/install/amiga_sensors/lib/python3.8/site-packages/amiga_sensors-0.0.0-py3.8.egg-info
[4.833s] running install_scripts
[4.902s] Installing gps script to /home/cairlab/amiga/src/install/amiga_sensors/lib/amiga_sensors
[4.907s] writing list of installed files to '/home/cairlab/amiga/src/build/amiga_sensors/install.log'
[5.017s] Invoked command in '/home/cairlab/amiga/src/amiga_sensors' returned '0': PYTHONPATH=/home/cairlab/amiga/src/build/amiga_sensors/prefix_override:/home/cairlab/amiga/src/install/amiga_sensors/lib/python3.8/site-packages: /usr/bin/python3 -W ignore:setup.py install is deprecated setup.py egg_info --egg-base ../build/amiga_sensors build --build-base /home/cairlab/amiga/src/build/amiga_sensors/build install --record /home/cairlab/amiga/src/build/amiga_sensors/install.log --install-scripts $base/lib/amiga_sensors --single-version-externally-managed install_data
