running egg_info
creating ../build/amiga_launch/amiga_launch.egg-info
writing ../build/amiga_launch/amiga_launch.egg-info/PKG-INFO
writing dependency_links to ../build/amiga_launch/amiga_launch.egg-info/dependency_links.txt
writing entry points to ../build/amiga_launch/amiga_launch.egg-info/entry_points.txt
writing requirements to ../build/amiga_launch/amiga_launch.egg-info/requires.txt
writing top-level names to ../build/amiga_launch/amiga_launch.egg-info/top_level.txt
writing manifest file '../build/amiga_launch/amiga_launch.egg-info/SOURCES.txt'
reading manifest file '../build/amiga_launch/amiga_launch.egg-info/SOURCES.txt'
writing manifest file '../build/amiga_launch/amiga_launch.egg-info/SOURCES.txt'
running build
running build_py
creating /home/cairlab/amiga/src/build/amiga_launch/build
creating /home/cairlab/amiga/src/build/amiga_launch/build/lib
creating /home/cairlab/amiga/src/build/amiga_launch/build/lib/amiga_launch
copying amiga_launch/__init__.py -> /home/cairlab/amiga/src/build/amiga_launch/build/lib/amiga_launch
running install
running install_lib
creating /home/cairlab/amiga/src/install/amiga_launch/lib/python3.8/site-packages/amiga_launch
copying /home/cairlab/amiga/src/build/amiga_launch/build/lib/amiga_launch/__init__.py -> /home/cairlab/amiga/src/install/amiga_launch/lib/python3.8/site-packages/amiga_launch
byte-compiling /home/cairlab/amiga/src/install/amiga_launch/lib/python3.8/site-packages/amiga_launch/__init__.py to __init__.cpython-38.pyc
running install_data
creating /home/cairlab/amiga/src/install/amiga_launch/share/ament_index
creating /home/cairlab/amiga/src/install/amiga_launch/share/ament_index/resource_index
creating /home/cairlab/amiga/src/install/amiga_launch/share/ament_index/resource_index/packages
copying resource/amiga_launch -> /home/cairlab/amiga/src/install/amiga_launch/share/ament_index/resource_index/packages
copying package.xml -> /home/cairlab/amiga/src/install/amiga_launch/share/amiga_launch
running install_egg_info
Copying ../build/amiga_launch/amiga_launch.egg-info to /home/cairlab/amiga/src/install/amiga_launch/lib/python3.8/site-packages/amiga_launch-0.0.0-py3.8.egg-info
running install_scripts
writing list of installed files to '/home/cairlab/amiga/src/build/amiga_launch/install.log'
