[4.352s] Invoking command in '/home/cairlab/amiga/src/amiga_launch': PYTHONPATH=/home/cairlab/amiga/src/build/amiga_launch/prefix_override:/home/cairlab/amiga/src/install/amiga_launch/lib/python3.8/site-packages: /usr/bin/python3 -W ignore:setup.py install is deprecated setup.py egg_info --egg-base ../build/amiga_launch build --build-base /home/cairlab/amiga/src/build/amiga_launch/build install --record /home/cairlab/amiga/src/build/amiga_launch/install.log --install-scripts $base/lib/amiga_launch --single-version-externally-managed install_data
[5.482s] running egg_info
[5.486s] creating ../build/amiga_launch/amiga_launch.egg-info
[5.487s] writing ../build/amiga_launch/amiga_launch.egg-info/PKG-INFO
[5.493s] writing dependency_links to ../build/amiga_launch/amiga_launch.egg-info/dependency_links.txt
[5.496s] writing entry points to ../build/amiga_launch/amiga_launch.egg-info/entry_points.txt
[5.498s] writing requirements to ../build/amiga_launch/amiga_launch.egg-info/requires.txt
[5.499s] writing top-level names to ../build/amiga_launch/amiga_launch.egg-info/top_level.txt
[5.505s] writing manifest file '../build/amiga_launch/amiga_launch.egg-info/SOURCES.txt'
[5.654s] reading manifest file '../build/amiga_launch/amiga_launch.egg-info/SOURCES.txt'
[5.658s] writing manifest file '../build/amiga_launch/amiga_launch.egg-info/SOURCES.txt'
[5.658s] running build
[5.659s] running build_py
[5.659s] creating /home/cairlab/amiga/src/build/amiga_launch/build
[5.660s] creating /home/cairlab/amiga/src/build/amiga_launch/build/lib
[5.660s] creating /home/cairlab/amiga/src/build/amiga_launch/build/lib/amiga_launch
[5.661s] copying amiga_launch/__init__.py -> /home/cairlab/amiga/src/build/amiga_launch/build/lib/amiga_launch
[5.662s] running install
[5.665s] running install_lib
[5.668s] creating /home/cairlab/amiga/src/install/amiga_launch/lib/python3.8/site-packages/amiga_launch
[5.668s] copying /home/cairlab/amiga/src/build/amiga_launch/build/lib/amiga_launch/__init__.py -> /home/cairlab/amiga/src/install/amiga_launch/lib/python3.8/site-packages/amiga_launch
[5.670s] byte-compiling /home/cairlab/amiga/src/install/amiga_launch/lib/python3.8/site-packages/amiga_launch/__init__.py to __init__.cpython-38.pyc
[5.674s] running install_data
[5.675s] creating /home/cairlab/amiga/src/install/amiga_launch/share/ament_index
[5.676s] creating /home/cairlab/amiga/src/install/amiga_launch/share/ament_index/resource_index
[5.677s] creating /home/cairlab/amiga/src/install/amiga_launch/share/ament_index/resource_index/packages
[5.677s] copying resource/amiga_launch -> /home/cairlab/amiga/src/install/amiga_launch/share/ament_index/resource_index/packages
[5.677s] copying package.xml -> /home/cairlab/amiga/src/install/amiga_launch/share/amiga_launch
[5.678s] running install_egg_info
[5.684s] Copying ../build/amiga_launch/amiga_launch.egg-info to /home/cairlab/amiga/src/install/amiga_launch/lib/python3.8/site-packages/amiga_launch-0.0.0-py3.8.egg-info
[5.690s] running install_scripts
[5.757s] writing list of installed files to '/home/cairlab/amiga/src/build/amiga_launch/install.log'
[5.859s] Invoked command in '/home/cairlab/amiga/src/amiga_launch' returned '0': PYTHONPATH=/home/cairlab/amiga/src/build/amiga_launch/prefix_override:/home/cairlab/amiga/src/install/amiga_launch/lib/python3.8/site-packages: /usr/bin/python3 -W ignore:setup.py install is deprecated setup.py egg_info --egg-base ../build/amiga_launch build --build-base /home/cairlab/amiga/src/build/amiga_launch/build install --record /home/cairlab/amiga/src/build/amiga_launch/install.log --install-scripts $base/lib/amiga_launch --single-version-externally-managed install_data
