[0.617s] DEBUG:colcon:Command line arguments: ['/usr/bin/colcon', 'build']
[0.617s] DEBUG:colcon:Parsed command line arguments: Namespace(allow_overriding=[], ament_cmake_args=None, base_paths=['.'], build_base='build', catkin_cmake_args=None, catkin_skip_building_tests=False, cmake_args=None, cmake_clean_cache=False, cmake_clean_first=False, cmake_force_configure=False, cmake_target=None, cmake_target_skip_unavailable=False, continue_on_error=False, event_handlers=None, executor='parallel', ignore_user_meta=False, install_base='install', log_base=None, log_level=None, main=<bound method BuildVerb.main of <colcon_core.verb.build.BuildVerb object at 0xffff9f4dc490>>, merge_install=False, metas=['./colcon.meta'], mixin=None, mixin_files=None, mixin_verb=('build',), packages_above=None, packages_above_and_dependencies=None, packages_above_depth=None, packages_end=None, packages_ignore=None, packages_ignore_regex=None, packages_select=None, packages_select_build_failed=False, packages_select_by_dep=None, packages_select_regex=None, packages_select_test_failures=False, packages_skip=None, packages_skip_build_finished=False, packages_skip_by_dep=None, packages_skip_regex=None, packages_skip_test_passed=False, packages_skip_up_to=None, packages_start=None, packages_up_to=None, packages_up_to_regex=None, parallel_workers=4, paths=None, symlink_install=False, test_result_base=None, verb_extension=<colcon_core.verb.build.BuildVerb object at 0xffff9f4dc490>, verb_name='build', verb_parser=<colcon_mixin.mixin.mixin_argument.MixinArgumentDecorator object at 0xffff9f4dcd60>)
[1.110s] Level 1:colcon.colcon_core.package_discovery:discover_packages(colcon_meta) check parameters
[1.111s] Level 1:colcon.colcon_core.package_discovery:discover_packages(recursive) check parameters
[1.111s] Level 1:colcon.colcon_core.package_discovery:discover_packages(ignore) check parameters
[1.111s] Level 1:colcon.colcon_core.package_discovery:discover_packages(path) check parameters
[1.111s] Level 1:colcon.colcon_core.package_discovery:discover_packages(colcon_meta) discover
[1.111s] Level 1:colcon.colcon_core.package_discovery:discover_packages(recursive) discover
[1.111s] INFO:colcon.colcon_core.package_discovery:Crawling recursively for packages in '/home/cairlab/amiga/src'
[1.112s] Level 1:colcon.colcon_core.package_identification:_identify(.) by extensions ['ignore', 'ignore_ament_install']
[1.112s] Level 1:colcon.colcon_core.package_identification:_identify(.) by extension 'ignore'
[1.112s] Level 1:colcon.colcon_core.package_identification:_identify(.) by extension 'ignore_ament_install'
[1.112s] Level 1:colcon.colcon_core.package_identification:_identify(.) by extensions ['colcon_pkg']
[1.113s] Level 1:colcon.colcon_core.package_identification:_identify(.) by extension 'colcon_pkg'
[1.113s] Level 1:colcon.colcon_core.package_identification:_identify(.) by extensions ['colcon_meta']
[1.113s] Level 1:colcon.colcon_core.package_identification:_identify(.) by extension 'colcon_meta'
[1.113s] Level 1:colcon.colcon_core.package_identification:_identify(.) by extensions ['ros']
[1.113s] Level 1:colcon.colcon_core.package_identification:_identify(.) by extension 'ros'
[1.151s] Level 1:colcon.colcon_core.package_identification:_identify(.) by extensions ['cmake', 'python']
[1.152s] Level 1:colcon.colcon_core.package_identification:_identify(.) by extension 'cmake'
[1.152s] Level 1:colcon.colcon_core.package_identification:_identify(.) by extension 'python'
[1.152s] Level 1:colcon.colcon_core.package_identification:_identify(.) by extensions ['python_setup_py']
[1.152s] Level 1:colcon.colcon_core.package_identification:_identify(.) by extension 'python_setup_py'
[1.153s] Level 1:colcon.colcon_core.package_identification:_identify(amiga_launch) by extensions ['ignore', 'ignore_ament_install']
[1.153s] Level 1:colcon.colcon_core.package_identification:_identify(amiga_launch) by extension 'ignore'
[1.153s] Level 1:colcon.colcon_core.package_identification:_identify(amiga_launch) by extension 'ignore_ament_install'
[1.154s] Level 1:colcon.colcon_core.package_identification:_identify(amiga_launch) by extensions ['colcon_pkg']
[1.154s] Level 1:colcon.colcon_core.package_identification:_identify(amiga_launch) by extension 'colcon_pkg'
[1.154s] Level 1:colcon.colcon_core.package_identification:_identify(amiga_launch) by extensions ['colcon_meta']
[1.154s] Level 1:colcon.colcon_core.package_identification:_identify(amiga_launch) by extension 'colcon_meta'
[1.154s] Level 1:colcon.colcon_core.package_identification:_identify(amiga_launch) by extensions ['ros']
[1.154s] Level 1:colcon.colcon_core.package_identification:_identify(amiga_launch) by extension 'ros'
[1.162s] DEBUG:colcon.colcon_core.package_identification:Package 'amiga_launch' with type 'ros.ament_python' and name 'amiga_launch'
[1.163s] Level 1:colcon.colcon_core.package_identification:_identify(amiga_navigate) by extensions ['ignore', 'ignore_ament_install']
[1.163s] Level 1:colcon.colcon_core.package_identification:_identify(amiga_navigate) by extension 'ignore'
[1.163s] Level 1:colcon.colcon_core.package_identification:_identify(amiga_navigate) by extension 'ignore_ament_install'
[1.164s] Level 1:colcon.colcon_core.package_identification:_identify(amiga_navigate) by extensions ['colcon_pkg']
[1.164s] Level 1:colcon.colcon_core.package_identification:_identify(amiga_navigate) by extension 'colcon_pkg'
[1.164s] Level 1:colcon.colcon_core.package_identification:_identify(amiga_navigate) by extensions ['colcon_meta']
[1.164s] Level 1:colcon.colcon_core.package_identification:_identify(amiga_navigate) by extension 'colcon_meta'
[1.164s] Level 1:colcon.colcon_core.package_identification:_identify(amiga_navigate) by extensions ['ros']
[1.165s] Level 1:colcon.colcon_core.package_identification:_identify(amiga_navigate) by extension 'ros'
[1.166s] DEBUG:colcon.colcon_core.package_identification:Package 'amiga_navigate' with type 'ros.ament_python' and name 'amiga_navigate'
[1.167s] Level 1:colcon.colcon_core.package_identification:_identify(amiga_sensors) by extensions ['ignore', 'ignore_ament_install']
[1.167s] Level 1:colcon.colcon_core.package_identification:_identify(amiga_sensors) by extension 'ignore'
[1.167s] Level 1:colcon.colcon_core.package_identification:_identify(amiga_sensors) by extension 'ignore_ament_install'
[1.167s] Level 1:colcon.colcon_core.package_identification:_identify(amiga_sensors) by extensions ['colcon_pkg']
[1.167s] Level 1:colcon.colcon_core.package_identification:_identify(amiga_sensors) by extension 'colcon_pkg'
[1.168s] Level 1:colcon.colcon_core.package_identification:_identify(amiga_sensors) by extensions ['colcon_meta']
[1.168s] Level 1:colcon.colcon_core.package_identification:_identify(amiga_sensors) by extension 'colcon_meta'
[1.168s] Level 1:colcon.colcon_core.package_identification:_identify(amiga_sensors) by extensions ['ros']
[1.168s] Level 1:colcon.colcon_core.package_identification:_identify(amiga_sensors) by extension 'ros'
[1.170s] DEBUG:colcon.colcon_core.package_identification:Package 'amiga_sensors' with type 'ros.ament_python' and name 'amiga_sensors'
[1.170s] Level 1:colcon.colcon_core.package_identification:_identify(build) by extensions ['ignore', 'ignore_ament_install']
[1.170s] Level 1:colcon.colcon_core.package_identification:_identify(build) by extension 'ignore'
[1.170s] Level 1:colcon.colcon_core.package_identification:_identify(build) ignored
[1.171s] Level 1:colcon.colcon_core.package_identification:_identify(install) by extensions ['ignore', 'ignore_ament_install']
[1.171s] Level 1:colcon.colcon_core.package_identification:_identify(install) by extension 'ignore'
[1.171s] Level 1:colcon.colcon_core.package_identification:_identify(install) ignored
[1.172s] Level 1:colcon.colcon_core.package_identification:_identify(log) by extensions ['ignore', 'ignore_ament_install']
[1.172s] Level 1:colcon.colcon_core.package_identification:_identify(log) by extension 'ignore'
[1.172s] Level 1:colcon.colcon_core.package_identification:_identify(log) ignored
[1.172s] Level 1:colcon.colcon_core.package_discovery:discover_packages(recursive) using defaults
[1.172s] Level 1:colcon.colcon_core.package_discovery:discover_packages(ignore) discover
[1.173s] Level 1:colcon.colcon_core.package_discovery:discover_packages(ignore) using defaults
[1.173s] Level 1:colcon.colcon_core.package_discovery:discover_packages(path) discover
[1.173s] Level 1:colcon.colcon_core.package_discovery:discover_packages(path) using defaults
[1.228s] Level 1:colcon.colcon_core.package_discovery:discover_packages(prefix_path) check parameters
[1.229s] Level 1:colcon.colcon_core.package_discovery:discover_packages(prefix_path) discover
[1.232s] Level 1:colcon.colcon_core.package_discovery:discover_packages(prefix_path) using defaults
[1.235s] Level 5:colcon.colcon_core.verb:set package 'amiga_launch' build argument 'cmake_args' from command line to 'None'
[1.236s] Level 5:colcon.colcon_core.verb:set package 'amiga_launch' build argument 'cmake_target' from command line to 'None'
[1.236s] Level 5:colcon.colcon_core.verb:set package 'amiga_launch' build argument 'cmake_target_skip_unavailable' from command line to 'False'
[1.236s] Level 5:colcon.colcon_core.verb:set package 'amiga_launch' build argument 'cmake_clean_cache' from command line to 'False'
[1.237s] Level 5:colcon.colcon_core.verb:set package 'amiga_launch' build argument 'cmake_clean_first' from command line to 'False'
[1.237s] Level 5:colcon.colcon_core.verb:set package 'amiga_launch' build argument 'cmake_force_configure' from command line to 'False'
[1.237s] Level 5:colcon.colcon_core.verb:set package 'amiga_launch' build argument 'ament_cmake_args' from command line to 'None'
[1.237s] Level 5:colcon.colcon_core.verb:set package 'amiga_launch' build argument 'catkin_cmake_args' from command line to 'None'
[1.237s] Level 5:colcon.colcon_core.verb:set package 'amiga_launch' build argument 'catkin_skip_building_tests' from command line to 'False'
[1.238s] DEBUG:colcon.colcon_core.verb:Building package 'amiga_launch' with the following arguments: {'ament_cmake_args': None, 'build_base': '/home/cairlab/amiga/src/build/amiga_launch', 'catkin_cmake_args': None, 'catkin_skip_building_tests': False, 'cmake_args': None, 'cmake_clean_cache': False, 'cmake_clean_first': False, 'cmake_force_configure': False, 'cmake_target': None, 'cmake_target_skip_unavailable': False, 'install_base': '/home/cairlab/amiga/src/install/amiga_launch', 'merge_install': False, 'path': '/home/cairlab/amiga/src/amiga_launch', 'symlink_install': False, 'test_result_base': None}
[1.240s] Level 5:colcon.colcon_core.verb:set package 'amiga_navigate' build argument 'cmake_args' from command line to 'None'
[1.241s] Level 5:colcon.colcon_core.verb:set package 'amiga_navigate' build argument 'cmake_target' from command line to 'None'
[1.241s] Level 5:colcon.colcon_core.verb:set package 'amiga_navigate' build argument 'cmake_target_skip_unavailable' from command line to 'False'
[1.241s] Level 5:colcon.colcon_core.verb:set package 'amiga_navigate' build argument 'cmake_clean_cache' from command line to 'False'
[1.241s] Level 5:colcon.colcon_core.verb:set package 'amiga_navigate' build argument 'cmake_clean_first' from command line to 'False'
[1.242s] Level 5:colcon.colcon_core.verb:set package 'amiga_navigate' build argument 'cmake_force_configure' from command line to 'False'
[1.242s] Level 5:colcon.colcon_core.verb:set package 'amiga_navigate' build argument 'ament_cmake_args' from command line to 'None'
[1.242s] Level 5:colcon.colcon_core.verb:set package 'amiga_navigate' build argument 'catkin_cmake_args' from command line to 'None'
[1.242s] Level 5:colcon.colcon_core.verb:set package 'amiga_navigate' build argument 'catkin_skip_building_tests' from command line to 'False'
[1.243s] DEBUG:colcon.colcon_core.verb:Building package 'amiga_navigate' with the following arguments: {'ament_cmake_args': None, 'build_base': '/home/cairlab/amiga/src/build/amiga_navigate', 'catkin_cmake_args': None, 'catkin_skip_building_tests': False, 'cmake_args': None, 'cmake_clean_cache': False, 'cmake_clean_first': False, 'cmake_force_configure': False, 'cmake_target': None, 'cmake_target_skip_unavailable': False, 'install_base': '/home/cairlab/amiga/src/install/amiga_navigate', 'merge_install': False, 'path': '/home/cairlab/amiga/src/amiga_navigate', 'symlink_install': False, 'test_result_base': None}
[1.245s] Level 5:colcon.colcon_core.verb:set package 'amiga_sensors' build argument 'cmake_args' from command line to 'None'
[1.245s] Level 5:colcon.colcon_core.verb:set package 'amiga_sensors' build argument 'cmake_target' from command line to 'None'
[1.245s] Level 5:colcon.colcon_core.verb:set package 'amiga_sensors' build argument 'cmake_target_skip_unavailable' from command line to 'False'
[1.245s] Level 5:colcon.colcon_core.verb:set package 'amiga_sensors' build argument 'cmake_clean_cache' from command line to 'False'
[1.245s] Level 5:colcon.colcon_core.verb:set package 'amiga_sensors' build argument 'cmake_clean_first' from command line to 'False'
[1.245s] Level 5:colcon.colcon_core.verb:set package 'amiga_sensors' build argument 'cmake_force_configure' from command line to 'False'
[1.245s] Level 5:colcon.colcon_core.verb:set package 'amiga_sensors' build argument 'ament_cmake_args' from command line to 'None'
[1.245s] Level 5:colcon.colcon_core.verb:set package 'amiga_sensors' build argument 'catkin_cmake_args' from command line to 'None'
[1.246s] Level 5:colcon.colcon_core.verb:set package 'amiga_sensors' build argument 'catkin_skip_building_tests' from command line to 'False'
[1.246s] DEBUG:colcon.colcon_core.verb:Building package 'amiga_sensors' with the following arguments: {'ament_cmake_args': None, 'build_base': '/home/cairlab/amiga/src/build/amiga_sensors', 'catkin_cmake_args': None, 'catkin_skip_building_tests': False, 'cmake_args': None, 'cmake_clean_cache': False, 'cmake_clean_first': False, 'cmake_force_configure': False, 'cmake_target': None, 'cmake_target_skip_unavailable': False, 'install_base': '/home/cairlab/amiga/src/install/amiga_sensors', 'merge_install': False, 'path': '/home/cairlab/amiga/src/amiga_sensors', 'symlink_install': False, 'test_result_base': None}
[1.246s] INFO:colcon.colcon_core.executor:Executing jobs using 'parallel' executor
[1.250s] DEBUG:colcon.colcon_parallel_executor.executor.parallel:run_until_complete
[1.251s] INFO:colcon.colcon_ros.task.ament_python.build:Building ROS package in '/home/cairlab/amiga/src/amiga_launch' with build type 'ament_python'
[1.252s] Level 1:colcon.colcon_core.shell:create_environment_hook('amiga_launch', 'ament_prefix_path')
[1.259s] INFO:colcon.colcon_core.plugin_system:Skipping extension 'colcon_core.shell.bat': Not used on non-Windows systems
[1.260s] INFO:colcon.colcon_core.shell:Creating environment hook '/home/cairlab/amiga/src/install/amiga_launch/share/amiga_launch/hook/ament_prefix_path.ps1'
[1.262s] INFO:colcon.colcon_core.shell:Creating environment descriptor '/home/cairlab/amiga/src/install/amiga_launch/share/amiga_launch/hook/ament_prefix_path.dsv'
[1.266s] INFO:colcon.colcon_core.shell:Creating environment hook '/home/cairlab/amiga/src/install/amiga_launch/share/amiga_launch/hook/ament_prefix_path.sh'
[1.269s] INFO:colcon.colcon_core.shell:Skip shell extension 'powershell' for command environment: Not usable outside of PowerShell
[1.269s] DEBUG:colcon.colcon_core.shell:Skip shell extension 'dsv' for command environment
[1.283s] INFO:colcon.colcon_ros.task.ament_python.build:Building ROS package in '/home/cairlab/amiga/src/amiga_navigate' with build type 'ament_python'
[1.287s] Level 1:colcon.colcon_core.shell:create_environment_hook('amiga_navigate', 'ament_prefix_path')
[1.289s] INFO:colcon.colcon_core.shell:Creating environment hook '/home/cairlab/amiga/src/install/amiga_navigate/share/amiga_navigate/hook/ament_prefix_path.ps1'
[1.293s] INFO:colcon.colcon_core.shell:Creating environment descriptor '/home/cairlab/amiga/src/install/amiga_navigate/share/amiga_navigate/hook/ament_prefix_path.dsv'
[1.294s] INFO:colcon.colcon_core.shell:Creating environment hook '/home/cairlab/amiga/src/install/amiga_navigate/share/amiga_navigate/hook/ament_prefix_path.sh'
[1.296s] INFO:colcon.colcon_core.shell:Skip shell extension 'powershell' for command environment: Not usable outside of PowerShell
[1.297s] DEBUG:colcon.colcon_core.shell:Skip shell extension 'dsv' for command environment
[1.307s] INFO:colcon.colcon_ros.task.ament_python.build:Building ROS package in '/home/cairlab/amiga/src/amiga_sensors' with build type 'ament_python'
[1.312s] Level 1:colcon.colcon_core.shell:create_environment_hook('amiga_sensors', 'ament_prefix_path')
[1.314s] INFO:colcon.colcon_core.shell:Creating environment hook '/home/cairlab/amiga/src/install/amiga_sensors/share/amiga_sensors/hook/ament_prefix_path.ps1'
[1.317s] INFO:colcon.colcon_core.shell:Creating environment descriptor '/home/cairlab/amiga/src/install/amiga_sensors/share/amiga_sensors/hook/ament_prefix_path.dsv'
[1.322s] INFO:colcon.colcon_core.shell:Creating environment hook '/home/cairlab/amiga/src/install/amiga_sensors/share/amiga_sensors/hook/ament_prefix_path.sh'
[1.327s] INFO:colcon.colcon_core.shell:Skip shell extension 'powershell' for command environment: Not usable outside of PowerShell
[1.328s] DEBUG:colcon.colcon_core.shell:Skip shell extension 'dsv' for command environment
[2.086s] INFO:colcon.colcon_core.task.python.build:Building Python package in '/home/cairlab/amiga/src/amiga_launch'
[2.089s] INFO:colcon.colcon_core.shell:Skip shell extension 'powershell' for command environment: Not usable outside of PowerShell
[2.089s] DEBUG:colcon.colcon_core.shell:Skip shell extension 'dsv' for command environment
[2.826s] INFO:colcon.colcon_core.task.python.build:Building Python package in '/home/cairlab/amiga/src/amiga_navigate'
[2.831s] INFO:colcon.colcon_core.shell:Skip shell extension 'powershell' for command environment: Not usable outside of PowerShell
[2.831s] DEBUG:colcon.colcon_core.shell:Skip shell extension 'dsv' for command environment
[3.560s] INFO:colcon.colcon_core.task.python.build:Building Python package in '/home/cairlab/amiga/src/amiga_sensors'
[3.565s] INFO:colcon.colcon_core.shell:Skip shell extension 'powershell' for command environment: Not usable outside of PowerShell
[3.566s] DEBUG:colcon.colcon_core.shell:Skip shell extension 'dsv' for command environment
[5.127s] DEBUG:colcon.colcon_core.event_handler.log_command:Invoking command in '/home/cairlab/amiga/src/amiga_launch': PYTHONPATH=/home/cairlab/amiga/src/build/amiga_launch/prefix_override:/home/cairlab/amiga/src/install/amiga_launch/lib/python3.8/site-packages: /usr/bin/python3 -W ignore:setup.py install is deprecated setup.py egg_info --egg-base ../build/amiga_launch build --build-base /home/cairlab/amiga/src/build/amiga_launch/build install --record /home/cairlab/amiga/src/build/amiga_launch/install.log --install-scripts $base/lib/amiga_launch --single-version-externally-managed install_data
[5.159s] DEBUG:colcon.colcon_core.event_handler.log_command:Invoking command in '/home/cairlab/amiga/src/amiga_navigate': PYTHONPATH=/home/cairlab/amiga/src/build/amiga_navigate/prefix_override:/home/cairlab/amiga/src/install/amiga_navigate/lib/python3.8/site-packages: /usr/bin/python3 -W ignore:setup.py install is deprecated setup.py egg_info --egg-base ../build/amiga_navigate build --build-base /home/cairlab/amiga/src/build/amiga_navigate/build install --record /home/cairlab/amiga/src/build/amiga_navigate/install.log --install-scripts $base/lib/amiga_navigate --single-version-externally-managed install_data
[5.179s] DEBUG:colcon.colcon_core.event_handler.log_command:Invoking command in '/home/cairlab/amiga/src/amiga_sensors': PYTHONPATH=/home/cairlab/amiga/src/build/amiga_sensors/prefix_override:/home/cairlab/amiga/src/install/amiga_sensors/lib/python3.8/site-packages: /usr/bin/python3 -W ignore:setup.py install is deprecated setup.py egg_info --egg-base ../build/amiga_sensors build --build-base /home/cairlab/amiga/src/build/amiga_sensors/build install --record /home/cairlab/amiga/src/build/amiga_sensors/install.log --install-scripts $base/lib/amiga_sensors --single-version-externally-managed install_data
[6.251s] DEBUG:colcon.colcon_core.event_handler.log_command:Invoked command in '/home/cairlab/amiga/src/amiga_launch' returned '0': PYTHONPATH=/home/cairlab/amiga/src/build/amiga_launch/prefix_override:/home/cairlab/amiga/src/install/amiga_launch/lib/python3.8/site-packages: /usr/bin/python3 -W ignore:setup.py install is deprecated setup.py egg_info --egg-base ../build/amiga_launch build --build-base /home/cairlab/amiga/src/build/amiga_launch/build install --record /home/cairlab/amiga/src/build/amiga_launch/install.log --install-scripts $base/lib/amiga_launch --single-version-externally-managed install_data
[6.267s] Level 1:colcon.colcon_core.environment:checking '/home/cairlab/amiga/src/install/amiga_launch' for CMake module files
[6.270s] Level 1:colcon.colcon_core.environment:checking '/home/cairlab/amiga/src/install/amiga_launch' for CMake config files
[6.275s] Level 1:colcon.colcon_core.environment:checking '/home/cairlab/amiga/src/install/amiga_launch/lib'
[6.276s] Level 1:colcon.colcon_core.environment:checking '/home/cairlab/amiga/src/install/amiga_launch/bin'
[6.276s] Level 1:colcon.colcon_core.environment:checking '/home/cairlab/amiga/src/install/amiga_launch/lib/pkgconfig/amiga_launch.pc'
[6.277s] Level 1:colcon.colcon_core.environment:checking '/home/cairlab/amiga/src/install/amiga_launch/lib/python3.8/site-packages'
[6.278s] Level 1:colcon.colcon_core.shell:create_environment_hook('amiga_launch', 'pythonpath')
[6.279s] INFO:colcon.colcon_core.shell:Creating environment hook '/home/cairlab/amiga/src/install/amiga_launch/share/amiga_launch/hook/pythonpath.ps1'
[6.282s] INFO:colcon.colcon_core.shell:Creating environment descriptor '/home/cairlab/amiga/src/install/amiga_launch/share/amiga_launch/hook/pythonpath.dsv'
[6.289s] INFO:colcon.colcon_core.shell:Creating environment hook '/home/cairlab/amiga/src/install/amiga_launch/share/amiga_launch/hook/pythonpath.sh'
[6.292s] Level 1:colcon.colcon_core.environment:checking '/home/cairlab/amiga/src/install/amiga_launch/bin'
[6.293s] Level 1:colcon.colcon_core.environment:create_environment_scripts_only(amiga_launch)
[6.294s] INFO:colcon.colcon_core.shell:Creating package script '/home/cairlab/amiga/src/install/amiga_launch/share/amiga_launch/package.ps1'
[6.299s] INFO:colcon.colcon_core.shell:Creating package descriptor '/home/cairlab/amiga/src/install/amiga_launch/share/amiga_launch/package.dsv'
[6.303s] INFO:colcon.colcon_core.shell:Creating package script '/home/cairlab/amiga/src/install/amiga_launch/share/amiga_launch/package.sh'
[6.307s] INFO:colcon.colcon_core.shell:Creating package script '/home/cairlab/amiga/src/install/amiga_launch/share/amiga_launch/package.bash'
[6.310s] INFO:colcon.colcon_core.shell:Creating package script '/home/cairlab/amiga/src/install/amiga_launch/share/amiga_launch/package.zsh'
[6.316s] Level 1:colcon.colcon_core.environment:create_file_with_runtime_dependencies(/home/cairlab/amiga/src/install/amiga_launch/share/colcon-core/packages/amiga_launch)
[6.322s] Level 1:colcon.colcon_core.environment:checking '/home/cairlab/amiga/src/install/amiga_sensors' for CMake module files
[6.325s] DEBUG:colcon.colcon_core.event_handler.log_command:Invoked command in '/home/cairlab/amiga/src/amiga_sensors' returned '0': PYTHONPATH=/home/cairlab/amiga/src/build/amiga_sensors/prefix_override:/home/cairlab/amiga/src/install/amiga_sensors/lib/python3.8/site-packages: /usr/bin/python3 -W ignore:setup.py install is deprecated setup.py egg_info --egg-base ../build/amiga_sensors build --build-base /home/cairlab/amiga/src/build/amiga_sensors/build install --record /home/cairlab/amiga/src/build/amiga_sensors/install.log --install-scripts $base/lib/amiga_sensors --single-version-externally-managed install_data
[6.326s] Level 1:colcon.colcon_core.environment:checking '/home/cairlab/amiga/src/install/amiga_sensors' for CMake config files
[6.329s] Level 1:colcon.colcon_core.environment:checking '/home/cairlab/amiga/src/install/amiga_sensors/lib'
[6.329s] Level 1:colcon.colcon_core.environment:checking '/home/cairlab/amiga/src/install/amiga_sensors/bin'
[6.329s] Level 1:colcon.colcon_core.environment:checking '/home/cairlab/amiga/src/install/amiga_sensors/lib/pkgconfig/amiga_sensors.pc'
[6.330s] Level 1:colcon.colcon_core.environment:checking '/home/cairlab/amiga/src/install/amiga_sensors/lib/python3.8/site-packages'
[6.331s] Level 1:colcon.colcon_core.shell:create_environment_hook('amiga_sensors', 'pythonpath')
[6.331s] INFO:colcon.colcon_core.shell:Creating environment hook '/home/cairlab/amiga/src/install/amiga_sensors/share/amiga_sensors/hook/pythonpath.ps1'
[6.333s] INFO:colcon.colcon_core.shell:Creating environment descriptor '/home/cairlab/amiga/src/install/amiga_sensors/share/amiga_sensors/hook/pythonpath.dsv'
[6.335s] INFO:colcon.colcon_core.shell:Creating environment hook '/home/cairlab/amiga/src/install/amiga_sensors/share/amiga_sensors/hook/pythonpath.sh'
[6.337s] Level 1:colcon.colcon_core.environment:checking '/home/cairlab/amiga/src/install/amiga_sensors/bin'
[6.337s] Level 1:colcon.colcon_core.environment:create_environment_scripts_only(amiga_sensors)
[6.339s] INFO:colcon.colcon_core.shell:Creating package script '/home/cairlab/amiga/src/install/amiga_sensors/share/amiga_sensors/package.ps1'
[6.341s] INFO:colcon.colcon_core.shell:Creating package descriptor '/home/cairlab/amiga/src/install/amiga_sensors/share/amiga_sensors/package.dsv'
[6.343s] INFO:colcon.colcon_core.shell:Creating package script '/home/cairlab/amiga/src/install/amiga_sensors/share/amiga_sensors/package.sh'
[6.345s] INFO:colcon.colcon_core.shell:Creating package script '/home/cairlab/amiga/src/install/amiga_sensors/share/amiga_sensors/package.bash'
[6.347s] INFO:colcon.colcon_core.shell:Creating package script '/home/cairlab/amiga/src/install/amiga_sensors/share/amiga_sensors/package.zsh'
[6.348s] Level 1:colcon.colcon_core.environment:create_file_with_runtime_dependencies(/home/cairlab/amiga/src/install/amiga_sensors/share/colcon-core/packages/amiga_sensors)
[6.355s] Level 1:colcon.colcon_core.environment:checking '/home/cairlab/amiga/src/install/amiga_navigate' for CMake module files
[6.358s] DEBUG:colcon.colcon_core.event_handler.log_command:Invoked command in '/home/cairlab/amiga/src/amiga_navigate' returned '0': PYTHONPATH=/home/cairlab/amiga/src/build/amiga_navigate/prefix_override:/home/cairlab/amiga/src/install/amiga_navigate/lib/python3.8/site-packages: /usr/bin/python3 -W ignore:setup.py install is deprecated setup.py egg_info --egg-base ../build/amiga_navigate build --build-base /home/cairlab/amiga/src/build/amiga_navigate/build install --record /home/cairlab/amiga/src/build/amiga_navigate/install.log --install-scripts $base/lib/amiga_navigate --single-version-externally-managed install_data
[6.359s] Level 1:colcon.colcon_core.environment:checking '/home/cairlab/amiga/src/install/amiga_navigate' for CMake config files
[6.361s] Level 1:colcon.colcon_core.environment:checking '/home/cairlab/amiga/src/install/amiga_navigate/lib'
[6.361s] Level 1:colcon.colcon_core.environment:checking '/home/cairlab/amiga/src/install/amiga_navigate/bin'
[6.362s] Level 1:colcon.colcon_core.environment:checking '/home/cairlab/amiga/src/install/amiga_navigate/lib/pkgconfig/amiga_navigate.pc'
[6.362s] Level 1:colcon.colcon_core.environment:checking '/home/cairlab/amiga/src/install/amiga_navigate/lib/python3.8/site-packages'
[6.362s] Level 1:colcon.colcon_core.shell:create_environment_hook('amiga_navigate', 'pythonpath')
[6.363s] INFO:colcon.colcon_core.shell:Creating environment hook '/home/cairlab/amiga/src/install/amiga_navigate/share/amiga_navigate/hook/pythonpath.ps1'
[6.365s] INFO:colcon.colcon_core.shell:Creating environment descriptor '/home/cairlab/amiga/src/install/amiga_navigate/share/amiga_navigate/hook/pythonpath.dsv'
[6.366s] INFO:colcon.colcon_core.shell:Creating environment hook '/home/cairlab/amiga/src/install/amiga_navigate/share/amiga_navigate/hook/pythonpath.sh'
[6.368s] Level 1:colcon.colcon_core.environment:checking '/home/cairlab/amiga/src/install/amiga_navigate/bin'
[6.368s] Level 1:colcon.colcon_core.environment:create_environment_scripts_only(amiga_navigate)
[6.369s] INFO:colcon.colcon_core.shell:Creating package script '/home/cairlab/amiga/src/install/amiga_navigate/share/amiga_navigate/package.ps1'
[6.371s] INFO:colcon.colcon_core.shell:Creating package descriptor '/home/cairlab/amiga/src/install/amiga_navigate/share/amiga_navigate/package.dsv'
[6.372s] INFO:colcon.colcon_core.shell:Creating package script '/home/cairlab/amiga/src/install/amiga_navigate/share/amiga_navigate/package.sh'
[6.374s] INFO:colcon.colcon_core.shell:Creating package script '/home/cairlab/amiga/src/install/amiga_navigate/share/amiga_navigate/package.bash'
[6.375s] INFO:colcon.colcon_core.shell:Creating package script '/home/cairlab/amiga/src/install/amiga_navigate/share/amiga_navigate/package.zsh'
[6.376s] Level 1:colcon.colcon_core.environment:create_file_with_runtime_dependencies(/home/cairlab/amiga/src/install/amiga_navigate/share/colcon-core/packages/amiga_navigate)
[6.378s] DEBUG:colcon.colcon_parallel_executor.executor.parallel:closing loop
[6.381s] DEBUG:colcon.colcon_parallel_executor.executor.parallel:loop closed
[6.382s] DEBUG:colcon.colcon_parallel_executor.executor.parallel:run_until_complete finished with '0'
[6.382s] DEBUG:colcon.colcon_core.event_reactor:joining thread
[6.406s] INFO:colcon.colcon_core.plugin_system:Skipping extension 'colcon_notification.desktop_notification.terminal_notifier': Not used on non-Darwin systems
[6.406s] INFO:colcon.colcon_core.plugin_system:Skipping extension 'colcon_notification.desktop_notification.win32': Not used on non-Windows systems
[6.407s] INFO:colcon.colcon_notification.desktop_notification:Sending desktop notification using 'notify2'
[6.477s] DEBUG:colcon.colcon_core.event_reactor:joined thread
[6.479s] INFO:colcon.colcon_core.shell:Creating prefix script '/home/cairlab/amiga/src/install/local_setup.ps1'
[6.485s] INFO:colcon.colcon_core.shell:Creating prefix util module '/home/cairlab/amiga/src/install/_local_setup_util_ps1.py'
[6.490s] INFO:colcon.colcon_core.shell:Creating prefix chain script '/home/cairlab/amiga/src/install/setup.ps1'
[6.497s] INFO:colcon.colcon_core.shell:Creating prefix script '/home/cairlab/amiga/src/install/local_setup.sh'
[6.500s] INFO:colcon.colcon_core.shell:Creating prefix util module '/home/cairlab/amiga/src/install/_local_setup_util_sh.py'
[6.503s] INFO:colcon.colcon_core.shell:Creating prefix chain script '/home/cairlab/amiga/src/install/setup.sh'
[6.507s] INFO:colcon.colcon_core.shell:Creating prefix script '/home/cairlab/amiga/src/install/local_setup.bash'
[6.508s] INFO:colcon.colcon_core.shell:Creating prefix chain script '/home/cairlab/amiga/src/install/setup.bash'
[6.512s] INFO:colcon.colcon_core.shell:Creating prefix script '/home/cairlab/amiga/src/install/local_setup.zsh'
[6.514s] INFO:colcon.colcon_core.shell:Creating prefix chain script '/home/cairlab/amiga/src/install/setup.zsh'
