[4.292s] Invoking command in '/home/cairlab/amiga/src/amiga_navigate': PYTHONPATH=/home/cairlab/amiga/src/build/amiga_navigate/prefix_override:/home/cairlab/amiga/src/install/amiga_navigate/lib/python3.8/site-packages:${PYTHONPATH} /usr/bin/python3 -W ignore:setup.py install is deprecated setup.py egg_info --egg-base ../build/amiga_navigate build --build-base /home/cairlab/amiga/src/build/amiga_navigate/build install --record /home/cairlab/amiga/src/build/amiga_navigate/install.log --install-scripts $base/lib/amiga_navigate --single-version-externally-managed install_data
[5.159s] running egg_info
[5.161s] writing ../build/amiga_navigate/amiga_navigate.egg-info/PKG-INFO
[5.162s] writing dependency_links to ../build/amiga_navigate/amiga_navigate.egg-info/dependency_links.txt
[5.166s] writing entry points to ../build/amiga_navigate/amiga_navigate.egg-info/entry_points.txt
[5.169s] writing requirements to ../build/amiga_navigate/amiga_navigate.egg-info/requires.txt
[5.170s] writing top-level names to ../build/amiga_navigate/amiga_navigate.egg-info/top_level.txt
[5.310s] reading manifest file '../build/amiga_navigate/amiga_navigate.egg-info/SOURCES.txt'
[5.315s] writing manifest file '../build/amiga_navigate/amiga_navigate.egg-info/SOURCES.txt'
[5.316s] running build
[5.321s] running build_py
[5.322s] copying amiga_navigate/pid_controller.py -> /home/cairlab/amiga/src/build/amiga_navigate/build/lib/amiga_navigate
[5.322s] running install
[5.324s] running install_lib
[5.329s] copying /home/cairlab/amiga/src/build/amiga_navigate/build/lib/amiga_navigate/pid_controller.py -> /home/cairlab/amiga/src/install/amiga_navigate/lib/python3.8/site-packages/amiga_navigate
[5.332s] byte-compiling /home/cairlab/amiga/src/install/amiga_navigate/lib/python3.8/site-packages/amiga_navigate/pid_controller.py to pid_controller.cpython-38.pyc
[5.338s] running install_data
[5.340s] running install_egg_info
[5.351s] removing '/home/cairlab/amiga/src/install/amiga_navigate/lib/python3.8/site-packages/amiga_navigate-0.0.0-py3.8.egg-info' (and everything under it)
[5.352s] Copying ../build/amiga_navigate/amiga_navigate.egg-info to /home/cairlab/amiga/src/install/amiga_navigate/lib/python3.8/site-packages/amiga_navigate-0.0.0-py3.8.egg-info
[5.357s] running install_scripts
[5.437s] Installing navigate script to /home/cairlab/amiga/src/install/amiga_navigate/lib/amiga_navigate
[5.445s] Installing pid_controller script to /home/cairlab/amiga/src/install/amiga_navigate/lib/amiga_navigate
[5.446s] writing list of installed files to '/home/cairlab/amiga/src/build/amiga_navigate/install.log'
[5.545s] Invoked command in '/home/cairlab/amiga/src/amiga_navigate' returned '0': PYTHONPATH=/home/cairlab/amiga/src/build/amiga_navigate/prefix_override:/home/cairlab/amiga/src/install/amiga_navigate/lib/python3.8/site-packages:${PYTHONPATH} /usr/bin/python3 -W ignore:setup.py install is deprecated setup.py egg_info --egg-base ../build/amiga_navigate build --build-base /home/cairlab/amiga/src/build/amiga_navigate/build install --record /home/cairlab/amiga/src/build/amiga_navigate/install.log --install-scripts $base/lib/amiga_navigate --single-version-externally-managed install_data
