[0.667s] DEBUG:colcon:Command line arguments: ['/usr/bin/colcon', 'build']
[0.668s] DEBUG:colcon:Parsed command line arguments: Namespace(allow_overriding=[], ament_cmake_args=None, base_paths=['.'], build_base='build', catkin_cmake_args=None, catkin_skip_building_tests=False, cmake_args=None, cmake_clean_cache=False, cmake_clean_first=False, cmake_force_configure=False, cmake_target=None, cmake_target_skip_unavailable=False, continue_on_error=False, event_handlers=None, executor='parallel', ignore_user_meta=False, install_base='install', log_base=None, log_level=None, main=<bound method BuildVerb.main of <colcon_core.verb.build.BuildVerb object at 0xffffb8e52490>>, merge_install=False, metas=['./colcon.meta'], mixin=None, mixin_files=None, mixin_verb=('build',), packages_above=None, packages_above_and_dependencies=None, packages_above_depth=None, packages_end=None, packages_ignore=None, packages_ignore_regex=None, packages_select=None, packages_select_build_failed=False, packages_select_by_dep=None, packages_select_regex=None, packages_select_test_failures=False, packages_skip=None, packages_skip_build_finished=False, packages_skip_by_dep=None, packages_skip_regex=None, packages_skip_test_passed=False, packages_skip_up_to=None, packages_start=None, packages_up_to=None, packages_up_to_regex=None, parallel_workers=4, paths=None, symlink_install=False, test_result_base=None, verb_extension=<colcon_core.verb.build.BuildVerb object at 0xffffb8e52490>, verb_name='build', verb_parser=<colcon_mixin.mixin.mixin_argument.MixinArgumentDecorator object at 0xffffb8e52d60>)
[1.203s] Level 1:colcon.colcon_core.package_discovery:discover_packages(colcon_meta) check parameters
[1.204s] Level 1:colcon.colcon_core.package_discovery:discover_packages(recursive) check parameters
[1.204s] Level 1:colcon.colcon_core.package_discovery:discover_packages(ignore) check parameters
[1.204s] Level 1:colcon.colcon_core.package_discovery:discover_packages(path) check parameters
[1.204s] Level 1:colcon.colcon_core.package_discovery:discover_packages(colcon_meta) discover
[1.204s] Level 1:colcon.colcon_core.package_discovery:discover_packages(recursive) discover
[1.204s] INFO:colcon.colcon_core.package_discovery:Crawling recursively for packages in '/home/cairlab/amiga/src'
[1.205s] Level 1:colcon.colcon_core.package_identification:_identify(.) by extensions ['ignore', 'ignore_ament_install']
[1.205s] Level 1:colcon.colcon_core.package_identification:_identify(.) by extension 'ignore'
[1.205s] Level 1:colcon.colcon_core.package_identification:_identify(.) by extension 'ignore_ament_install'
[1.206s] Level 1:colcon.colcon_core.package_identification:_identify(.) by extensions ['colcon_pkg']
[1.206s] Level 1:colcon.colcon_core.package_identification:_identify(.) by extension 'colcon_pkg'
[1.206s] Level 1:colcon.colcon_core.package_identification:_identify(.) by extensions ['colcon_meta']
[1.206s] Level 1:colcon.colcon_core.package_identification:_identify(.) by extension 'colcon_meta'
[1.206s] Level 1:colcon.colcon_core.package_identification:_identify(.) by extensions ['ros']
[1.206s] Level 1:colcon.colcon_core.package_identification:_identify(.) by extension 'ros'
[1.245s] Level 1:colcon.colcon_core.package_identification:_identify(.) by extensions ['cmake', 'python']
[1.245s] Level 1:colcon.colcon_core.package_identification:_identify(.) by extension 'cmake'
[1.245s] Level 1:colcon.colcon_core.package_identification:_identify(.) by extension 'python'
[1.245s] Level 1:colcon.colcon_core.package_identification:_identify(.) by extensions ['python_setup_py']
[1.245s] Level 1:colcon.colcon_core.package_identification:_identify(.) by extension 'python_setup_py'
[1.246s] Level 1:colcon.colcon_core.package_identification:_identify(amiga_launch) by extensions ['ignore', 'ignore_ament_install']
[1.246s] Level 1:colcon.colcon_core.package_identification:_identify(amiga_launch) by extension 'ignore'
[1.246s] Level 1:colcon.colcon_core.package_identification:_identify(amiga_launch) by extension 'ignore_ament_install'
[1.247s] Level 1:colcon.colcon_core.package_identification:_identify(amiga_launch) by extensions ['colcon_pkg']
[1.247s] Level 1:colcon.colcon_core.package_identification:_identify(amiga_launch) by extension 'colcon_pkg'
[1.247s] Level 1:colcon.colcon_core.package_identification:_identify(amiga_launch) by extensions ['colcon_meta']
[1.247s] Level 1:colcon.colcon_core.package_identification:_identify(amiga_launch) by extension 'colcon_meta'
[1.247s] Level 1:colcon.colcon_core.package_identification:_identify(amiga_launch) by extensions ['ros']
[1.247s] Level 1:colcon.colcon_core.package_identification:_identify(amiga_launch) by extension 'ros'
[1.255s] DEBUG:colcon.colcon_core.package_identification:Package 'amiga_launch' with type 'ros.ament_python' and name 'amiga_launch'
[1.255s] Level 1:colcon.colcon_core.package_identification:_identify(amiga_navigate) by extensions ['ignore', 'ignore_ament_install']
[1.256s] Level 1:colcon.colcon_core.package_identification:_identify(amiga_navigate) by extension 'ignore'
[1.256s] Level 1:colcon.colcon_core.package_identification:_identify(amiga_navigate) by extension 'ignore_ament_install'
[1.256s] Level 1:colcon.colcon_core.package_identification:_identify(amiga_navigate) by extensions ['colcon_pkg']
[1.256s] Level 1:colcon.colcon_core.package_identification:_identify(amiga_navigate) by extension 'colcon_pkg'
[1.256s] Level 1:colcon.colcon_core.package_identification:_identify(amiga_navigate) by extensions ['colcon_meta']
[1.257s] Level 1:colcon.colcon_core.package_identification:_identify(amiga_navigate) by extension 'colcon_meta'
[1.257s] Level 1:colcon.colcon_core.package_identification:_identify(amiga_navigate) by extensions ['ros']
[1.257s] Level 1:colcon.colcon_core.package_identification:_identify(amiga_navigate) by extension 'ros'
[1.258s] DEBUG:colcon.colcon_core.package_identification:Package 'amiga_navigate' with type 'ros.ament_python' and name 'amiga_navigate'
[1.259s] Level 1:colcon.colcon_core.package_identification:_identify(amiga_sensors) by extensions ['ignore', 'ignore_ament_install']
[1.259s] Level 1:colcon.colcon_core.package_identification:_identify(amiga_sensors) by extension 'ignore'
[1.259s] Level 1:colcon.colcon_core.package_identification:_identify(amiga_sensors) by extension 'ignore_ament_install'
[1.260s] Level 1:colcon.colcon_core.package_identification:_identify(amiga_sensors) by extensions ['colcon_pkg']
[1.260s] Level 1:colcon.colcon_core.package_identification:_identify(amiga_sensors) by extension 'colcon_pkg'
[1.260s] Level 1:colcon.colcon_core.package_identification:_identify(amiga_sensors) by extensions ['colcon_meta']
[1.260s] Level 1:colcon.colcon_core.package_identification:_identify(amiga_sensors) by extension 'colcon_meta'
[1.260s] Level 1:colcon.colcon_core.package_identification:_identify(amiga_sensors) by extensions ['ros']
[1.260s] Level 1:colcon.colcon_core.package_identification:_identify(amiga_sensors) by extension 'ros'
[1.262s] DEBUG:colcon.colcon_core.package_identification:Package 'amiga_sensors' with type 'ros.ament_python' and name 'amiga_sensors'
[1.262s] Level 1:colcon.colcon_core.package_identification:_identify(build) by extensions ['ignore', 'ignore_ament_install']
[1.262s] Level 1:colcon.colcon_core.package_identification:_identify(build) by extension 'ignore'
[1.262s] Level 1:colcon.colcon_core.package_identification:_identify(build) ignored
[1.263s] Level 1:colcon.colcon_core.package_identification:_identify(install) by extensions ['ignore', 'ignore_ament_install']
[1.263s] Level 1:colcon.colcon_core.package_identification:_identify(install) by extension 'ignore'
[1.263s] Level 1:colcon.colcon_core.package_identification:_identify(install) ignored
[1.264s] Level 1:colcon.colcon_core.package_identification:_identify(log) by extensions ['ignore', 'ignore_ament_install']
[1.264s] Level 1:colcon.colcon_core.package_identification:_identify(log) by extension 'ignore'
[1.264s] Level 1:colcon.colcon_core.package_identification:_identify(log) ignored
[1.264s] Level 1:colcon.colcon_core.package_discovery:discover_packages(recursive) using defaults
[1.264s] Level 1:colcon.colcon_core.package_discovery:discover_packages(ignore) discover
[1.264s] Level 1:colcon.colcon_core.package_discovery:discover_packages(ignore) using defaults
[1.265s] Level 1:colcon.colcon_core.package_discovery:discover_packages(path) discover
[1.265s] Level 1:colcon.colcon_core.package_discovery:discover_packages(path) using defaults
[1.315s] Level 1:colcon.colcon_core.package_discovery:discover_packages(prefix_path) check parameters
[1.315s] Level 1:colcon.colcon_core.package_discovery:discover_packages(prefix_path) discover
[1.321s] DEBUG:colcon.colcon_installed_package_information.package_discovery:Found 3 installed packages in /home/cairlab/amiga/src/install
[1.327s] DEBUG:colcon.colcon_installed_package_information.package_discovery:Found 256 installed packages in /opt/ros/foxy
[1.335s] Level 1:colcon.colcon_core.package_discovery:discover_packages(prefix_path) using defaults
[1.575s] Level 5:colcon.colcon_core.verb:set package 'amiga_launch' build argument 'cmake_args' from command line to 'None'
[1.575s] Level 5:colcon.colcon_core.verb:set package 'amiga_launch' build argument 'cmake_target' from command line to 'None'
[1.576s] Level 5:colcon.colcon_core.verb:set package 'amiga_launch' build argument 'cmake_target_skip_unavailable' from command line to 'False'
[1.576s] Level 5:colcon.colcon_core.verb:set package 'amiga_launch' build argument 'cmake_clean_cache' from command line to 'False'
[1.576s] Level 5:colcon.colcon_core.verb:set package 'amiga_launch' build argument 'cmake_clean_first' from command line to 'False'
[1.576s] Level 5:colcon.colcon_core.verb:set package 'amiga_launch' build argument 'cmake_force_configure' from command line to 'False'
[1.576s] Level 5:colcon.colcon_core.verb:set package 'amiga_launch' build argument 'ament_cmake_args' from command line to 'None'
[1.576s] Level 5:colcon.colcon_core.verb:set package 'amiga_launch' build argument 'catkin_cmake_args' from command line to 'None'
[1.576s] Level 5:colcon.colcon_core.verb:set package 'amiga_launch' build argument 'catkin_skip_building_tests' from command line to 'False'
[1.577s] DEBUG:colcon.colcon_core.verb:Building package 'amiga_launch' with the following arguments: {'ament_cmake_args': None, 'build_base': '/home/cairlab/amiga/src/build/amiga_launch', 'catkin_cmake_args': None, 'catkin_skip_building_tests': False, 'cmake_args': None, 'cmake_clean_cache': False, 'cmake_clean_first': False, 'cmake_force_configure': False, 'cmake_target': None, 'cmake_target_skip_unavailable': False, 'install_base': '/home/cairlab/amiga/src/install/amiga_launch', 'merge_install': False, 'path': '/home/cairlab/amiga/src/amiga_launch', 'symlink_install': False, 'test_result_base': None}
[1.578s] Level 5:colcon.colcon_core.verb:set package 'amiga_navigate' build argument 'cmake_args' from command line to 'None'
[1.578s] Level 5:colcon.colcon_core.verb:set package 'amiga_navigate' build argument 'cmake_target' from command line to 'None'
[1.578s] Level 5:colcon.colcon_core.verb:set package 'amiga_navigate' build argument 'cmake_target_skip_unavailable' from command line to 'False'
[1.578s] Level 5:colcon.colcon_core.verb:set package 'amiga_navigate' build argument 'cmake_clean_cache' from command line to 'False'
[1.578s] Level 5:colcon.colcon_core.verb:set package 'amiga_navigate' build argument 'cmake_clean_first' from command line to 'False'
[1.578s] Level 5:colcon.colcon_core.verb:set package 'amiga_navigate' build argument 'cmake_force_configure' from command line to 'False'
[1.579s] Level 5:colcon.colcon_core.verb:set package 'amiga_navigate' build argument 'ament_cmake_args' from command line to 'None'
[1.579s] Level 5:colcon.colcon_core.verb:set package 'amiga_navigate' build argument 'catkin_cmake_args' from command line to 'None'
[1.579s] Level 5:colcon.colcon_core.verb:set package 'amiga_navigate' build argument 'catkin_skip_building_tests' from command line to 'False'
[1.579s] DEBUG:colcon.colcon_core.verb:Building package 'amiga_navigate' with the following arguments: {'ament_cmake_args': None, 'build_base': '/home/cairlab/amiga/src/build/amiga_navigate', 'catkin_cmake_args': None, 'catkin_skip_building_tests': False, 'cmake_args': None, 'cmake_clean_cache': False, 'cmake_clean_first': False, 'cmake_force_configure': False, 'cmake_target': None, 'cmake_target_skip_unavailable': False, 'install_base': '/home/cairlab/amiga/src/install/amiga_navigate', 'merge_install': False, 'path': '/home/cairlab/amiga/src/amiga_navigate', 'symlink_install': False, 'test_result_base': None}
[1.580s] Level 5:colcon.colcon_core.verb:set package 'amiga_sensors' build argument 'cmake_args' from command line to 'None'
[1.580s] Level 5:colcon.colcon_core.verb:set package 'amiga_sensors' build argument 'cmake_target' from command line to 'None'
[1.580s] Level 5:colcon.colcon_core.verb:set package 'amiga_sensors' build argument 'cmake_target_skip_unavailable' from command line to 'False'
[1.581s] Level 5:colcon.colcon_core.verb:set package 'amiga_sensors' build argument 'cmake_clean_cache' from command line to 'False'
[1.581s] Level 5:colcon.colcon_core.verb:set package 'amiga_sensors' build argument 'cmake_clean_first' from command line to 'False'
[1.581s] Level 5:colcon.colcon_core.verb:set package 'amiga_sensors' build argument 'cmake_force_configure' from command line to 'False'
[1.581s] Level 5:colcon.colcon_core.verb:set package 'amiga_sensors' build argument 'ament_cmake_args' from command line to 'None'
[1.581s] Level 5:colcon.colcon_core.verb:set package 'amiga_sensors' build argument 'catkin_cmake_args' from command line to 'None'
[1.581s] Level 5:colcon.colcon_core.verb:set package 'amiga_sensors' build argument 'catkin_skip_building_tests' from command line to 'False'
[1.581s] DEBUG:colcon.colcon_core.verb:Building package 'amiga_sensors' with the following arguments: {'ament_cmake_args': None, 'build_base': '/home/cairlab/amiga/src/build/amiga_sensors', 'catkin_cmake_args': None, 'catkin_skip_building_tests': False, 'cmake_args': None, 'cmake_clean_cache': False, 'cmake_clean_first': False, 'cmake_force_configure': False, 'cmake_target': None, 'cmake_target_skip_unavailable': False, 'install_base': '/home/cairlab/amiga/src/install/amiga_sensors', 'merge_install': False, 'path': '/home/cairlab/amiga/src/amiga_sensors', 'symlink_install': False, 'test_result_base': None}
[1.582s] INFO:colcon.colcon_core.executor:Executing jobs using 'parallel' executor
[1.586s] DEBUG:colcon.colcon_parallel_executor.executor.parallel:run_until_complete
[1.587s] INFO:colcon.colcon_ros.task.ament_python.build:Building ROS package in '/home/cairlab/amiga/src/amiga_launch' with build type 'ament_python'
[1.587s] Level 1:colcon.colcon_core.shell:create_environment_hook('amiga_launch', 'ament_prefix_path')
[1.595s] INFO:colcon.colcon_core.plugin_system:Skipping extension 'colcon_core.shell.bat': Not used on non-Windows systems
[1.596s] INFO:colcon.colcon_core.shell:Creating environment hook '/home/cairlab/amiga/src/install/amiga_launch/share/amiga_launch/hook/ament_prefix_path.ps1'
[1.598s] INFO:colcon.colcon_core.shell:Creating environment descriptor '/home/cairlab/amiga/src/install/amiga_launch/share/amiga_launch/hook/ament_prefix_path.dsv'
[1.602s] INFO:colcon.colcon_core.shell:Creating environment hook '/home/cairlab/amiga/src/install/amiga_launch/share/amiga_launch/hook/ament_prefix_path.sh'
[1.606s] INFO:colcon.colcon_core.shell:Skip shell extension 'powershell' for command environment: Not usable outside of PowerShell
[1.606s] DEBUG:colcon.colcon_core.shell:Skip shell extension 'dsv' for command environment
[1.631s] INFO:colcon.colcon_ros.task.ament_python.build:Building ROS package in '/home/cairlab/amiga/src/amiga_navigate' with build type 'ament_python'
[1.634s] Level 1:colcon.colcon_core.shell:create_environment_hook('amiga_navigate', 'ament_prefix_path')
[1.636s] INFO:colcon.colcon_core.shell:Creating environment hook '/home/cairlab/amiga/src/install/amiga_navigate/share/amiga_navigate/hook/ament_prefix_path.ps1'
[1.641s] INFO:colcon.colcon_core.shell:Creating environment descriptor '/home/cairlab/amiga/src/install/amiga_navigate/share/amiga_navigate/hook/ament_prefix_path.dsv'
[1.645s] INFO:colcon.colcon_core.shell:Creating environment hook '/home/cairlab/amiga/src/install/amiga_navigate/share/amiga_navigate/hook/ament_prefix_path.sh'
[1.650s] INFO:colcon.colcon_core.shell:Skip shell extension 'powershell' for command environment: Not usable outside of PowerShell
[1.651s] DEBUG:colcon.colcon_core.shell:Skip shell extension 'dsv' for command environment
[1.675s] INFO:colcon.colcon_ros.task.ament_python.build:Building ROS package in '/home/cairlab/amiga/src/amiga_sensors' with build type 'ament_python'
[1.678s] Level 1:colcon.colcon_core.shell:create_environment_hook('amiga_sensors', 'ament_prefix_path')
[1.681s] INFO:colcon.colcon_core.shell:Creating environment hook '/home/cairlab/amiga/src/install/amiga_sensors/share/amiga_sensors/hook/ament_prefix_path.ps1'
[1.685s] INFO:colcon.colcon_core.shell:Creating environment descriptor '/home/cairlab/amiga/src/install/amiga_sensors/share/amiga_sensors/hook/ament_prefix_path.dsv'
[1.691s] INFO:colcon.colcon_core.shell:Creating environment hook '/home/cairlab/amiga/src/install/amiga_sensors/share/amiga_sensors/hook/ament_prefix_path.sh'
[1.694s] INFO:colcon.colcon_core.shell:Skip shell extension 'powershell' for command environment: Not usable outside of PowerShell
[1.695s] DEBUG:colcon.colcon_core.shell:Skip shell extension 'dsv' for command environment
[2.551s] INFO:colcon.colcon_core.task.python.build:Building Python package in '/home/cairlab/amiga/src/amiga_launch'
[2.554s] INFO:colcon.colcon_core.shell:Skip shell extension 'powershell' for command environment: Not usable outside of PowerShell
[2.554s] DEBUG:colcon.colcon_core.shell:Skip shell extension 'dsv' for command environment
[3.385s] INFO:colcon.colcon_core.task.python.build:Building Python package in '/home/cairlab/amiga/src/amiga_navigate'
[3.389s] INFO:colcon.colcon_core.shell:Skip shell extension 'powershell' for command environment: Not usable outside of PowerShell
[3.389s] DEBUG:colcon.colcon_core.shell:Skip shell extension 'dsv' for command environment
[4.241s] INFO:colcon.colcon_core.task.python.build:Building Python package in '/home/cairlab/amiga/src/amiga_sensors'
[4.244s] INFO:colcon.colcon_core.shell:Skip shell extension 'powershell' for command environment: Not usable outside of PowerShell
[4.245s] DEBUG:colcon.colcon_core.shell:Skip shell extension 'dsv' for command environment
[5.827s] DEBUG:colcon.colcon_core.event_handler.log_command:Invoking command in '/home/cairlab/amiga/src/amiga_launch': PYTHONPATH=/home/cairlab/amiga/src/build/amiga_launch/prefix_override:/home/cairlab/amiga/src/install/amiga_launch/lib/python3.8/site-packages:${PYTHONPATH} /usr/bin/python3 -W ignore:setup.py install is deprecated setup.py egg_info --egg-base ../build/amiga_launch build --build-base /home/cairlab/amiga/src/build/amiga_launch/build install --record /home/cairlab/amiga/src/build/amiga_launch/install.log --install-scripts $base/lib/amiga_launch --single-version-externally-managed install_data
[5.876s] DEBUG:colcon.colcon_core.event_handler.log_command:Invoking command in '/home/cairlab/amiga/src/amiga_sensors': PYTHONPATH=/home/cairlab/amiga/src/build/amiga_sensors/prefix_override:/home/cairlab/amiga/src/install/amiga_sensors/lib/python3.8/site-packages:${PYTHONPATH} /usr/bin/python3 -W ignore:setup.py install is deprecated setup.py egg_info --egg-base ../build/amiga_sensors build --build-base /home/cairlab/amiga/src/build/amiga_sensors/build install --record /home/cairlab/amiga/src/build/amiga_sensors/install.log --install-scripts $base/lib/amiga_sensors --single-version-externally-managed install_data
[5.927s] DEBUG:colcon.colcon_core.event_handler.log_command:Invoking command in '/home/cairlab/amiga/src/amiga_navigate': PYTHONPATH=/home/cairlab/amiga/src/build/amiga_navigate/prefix_override:/home/cairlab/amiga/src/install/amiga_navigate/lib/python3.8/site-packages:${PYTHONPATH} /usr/bin/python3 -W ignore:setup.py install is deprecated setup.py egg_info --egg-base ../build/amiga_navigate build --build-base /home/cairlab/amiga/src/build/amiga_navigate/build install --record /home/cairlab/amiga/src/build/amiga_navigate/install.log --install-scripts $base/lib/amiga_navigate --single-version-externally-managed install_data
[7.065s] DEBUG:colcon.colcon_core.event_handler.log_command:Invoked command in '/home/cairlab/amiga/src/amiga_launch' returned '0': PYTHONPATH=/home/cairlab/amiga/src/build/amiga_launch/prefix_override:/home/cairlab/amiga/src/install/amiga_launch/lib/python3.8/site-packages:${PYTHONPATH} /usr/bin/python3 -W ignore:setup.py install is deprecated setup.py egg_info --egg-base ../build/amiga_launch build --build-base /home/cairlab/amiga/src/build/amiga_launch/build install --record /home/cairlab/amiga/src/build/amiga_launch/install.log --install-scripts $base/lib/amiga_launch --single-version-externally-managed install_data
[7.086s] Level 1:colcon.colcon_core.environment:checking '/home/cairlab/amiga/src/install/amiga_launch' for CMake module files
[7.088s] Level 1:colcon.colcon_core.environment:checking '/home/cairlab/amiga/src/install/amiga_launch' for CMake config files
[7.093s] Level 1:colcon.colcon_core.environment:checking '/home/cairlab/amiga/src/install/amiga_launch/lib'
[7.094s] Level 1:colcon.colcon_core.environment:checking '/home/cairlab/amiga/src/install/amiga_launch/bin'
[7.094s] Level 1:colcon.colcon_core.environment:checking '/home/cairlab/amiga/src/install/amiga_launch/lib/pkgconfig/amiga_launch.pc'
[7.096s] Level 1:colcon.colcon_core.environment:checking '/home/cairlab/amiga/src/install/amiga_launch/lib/python3.8/site-packages'
[7.097s] Level 1:colcon.colcon_core.shell:create_environment_hook('amiga_launch', 'pythonpath')
[7.099s] INFO:colcon.colcon_core.shell:Creating environment hook '/home/cairlab/amiga/src/install/amiga_launch/share/amiga_launch/hook/pythonpath.ps1'
[7.102s] INFO:colcon.colcon_core.shell:Creating environment descriptor '/home/cairlab/amiga/src/install/amiga_launch/share/amiga_launch/hook/pythonpath.dsv'
[7.110s] INFO:colcon.colcon_core.shell:Creating environment hook '/home/cairlab/amiga/src/install/amiga_launch/share/amiga_launch/hook/pythonpath.sh'
[7.113s] Level 1:colcon.colcon_core.environment:checking '/home/cairlab/amiga/src/install/amiga_launch/bin'
[7.113s] Level 1:colcon.colcon_core.environment:create_environment_scripts_only(amiga_launch)
[7.115s] INFO:colcon.colcon_core.shell:Creating package script '/home/cairlab/amiga/src/install/amiga_launch/share/amiga_launch/package.ps1'
[7.119s] INFO:colcon.colcon_core.shell:Creating package descriptor '/home/cairlab/amiga/src/install/amiga_launch/share/amiga_launch/package.dsv'
[7.121s] INFO:colcon.colcon_core.shell:Creating package script '/home/cairlab/amiga/src/install/amiga_launch/share/amiga_launch/package.sh'
[7.124s] INFO:colcon.colcon_core.shell:Creating package script '/home/cairlab/amiga/src/install/amiga_launch/share/amiga_launch/package.bash'
[7.127s] INFO:colcon.colcon_core.shell:Creating package script '/home/cairlab/amiga/src/install/amiga_launch/share/amiga_launch/package.zsh'
[7.130s] Level 1:colcon.colcon_core.environment:create_file_with_runtime_dependencies(/home/cairlab/amiga/src/install/amiga_launch/share/colcon-core/packages/amiga_launch)
[7.137s] Level 1:colcon.colcon_core.environment:checking '/home/cairlab/amiga/src/install/amiga_sensors' for CMake module files
[7.140s] DEBUG:colcon.colcon_core.event_handler.log_command:Invoked command in '/home/cairlab/amiga/src/amiga_sensors' returned '0': PYTHONPATH=/home/cairlab/amiga/src/build/amiga_sensors/prefix_override:/home/cairlab/amiga/src/install/amiga_sensors/lib/python3.8/site-packages:${PYTHONPATH} /usr/bin/python3 -W ignore:setup.py install is deprecated setup.py egg_info --egg-base ../build/amiga_sensors build --build-base /home/cairlab/amiga/src/build/amiga_sensors/build install --record /home/cairlab/amiga/src/build/amiga_sensors/install.log --install-scripts $base/lib/amiga_sensors --single-version-externally-managed install_data
[7.141s] Level 1:colcon.colcon_core.environment:checking '/home/cairlab/amiga/src/install/amiga_sensors' for CMake config files
[7.144s] Level 1:colcon.colcon_core.environment:checking '/home/cairlab/amiga/src/install/amiga_sensors/lib'
[7.144s] Level 1:colcon.colcon_core.environment:checking '/home/cairlab/amiga/src/install/amiga_sensors/bin'
[7.144s] Level 1:colcon.colcon_core.environment:checking '/home/cairlab/amiga/src/install/amiga_sensors/lib/pkgconfig/amiga_sensors.pc'
[7.145s] Level 1:colcon.colcon_core.environment:checking '/home/cairlab/amiga/src/install/amiga_sensors/lib/python3.8/site-packages'
[7.145s] Level 1:colcon.colcon_core.shell:create_environment_hook('amiga_sensors', 'pythonpath')
[7.146s] INFO:colcon.colcon_core.shell:Creating environment hook '/home/cairlab/amiga/src/install/amiga_sensors/share/amiga_sensors/hook/pythonpath.ps1'
[7.149s] INFO:colcon.colcon_core.shell:Creating environment descriptor '/home/cairlab/amiga/src/install/amiga_sensors/share/amiga_sensors/hook/pythonpath.dsv'
[7.151s] INFO:colcon.colcon_core.shell:Creating environment hook '/home/cairlab/amiga/src/install/amiga_sensors/share/amiga_sensors/hook/pythonpath.sh'
[7.153s] Level 1:colcon.colcon_core.environment:checking '/home/cairlab/amiga/src/install/amiga_sensors/bin'
[7.154s] Level 1:colcon.colcon_core.environment:create_environment_scripts_only(amiga_sensors)
[7.155s] INFO:colcon.colcon_core.shell:Creating package script '/home/cairlab/amiga/src/install/amiga_sensors/share/amiga_sensors/package.ps1'
[7.158s] INFO:colcon.colcon_core.shell:Creating package descriptor '/home/cairlab/amiga/src/install/amiga_sensors/share/amiga_sensors/package.dsv'
[7.160s] INFO:colcon.colcon_core.shell:Creating package script '/home/cairlab/amiga/src/install/amiga_sensors/share/amiga_sensors/package.sh'
[7.163s] INFO:colcon.colcon_core.shell:Creating package script '/home/cairlab/amiga/src/install/amiga_sensors/share/amiga_sensors/package.bash'
[7.165s] INFO:colcon.colcon_core.shell:Creating package script '/home/cairlab/amiga/src/install/amiga_sensors/share/amiga_sensors/package.zsh'
[7.167s] Level 1:colcon.colcon_core.environment:create_file_with_runtime_dependencies(/home/cairlab/amiga/src/install/amiga_sensors/share/colcon-core/packages/amiga_sensors)
[7.176s] Level 1:colcon.colcon_core.environment:checking '/home/cairlab/amiga/src/install/amiga_navigate' for CMake module files
[7.179s] DEBUG:colcon.colcon_core.event_handler.log_command:Invoked command in '/home/cairlab/amiga/src/amiga_navigate' returned '0': PYTHONPATH=/home/cairlab/amiga/src/build/amiga_navigate/prefix_override:/home/cairlab/amiga/src/install/amiga_navigate/lib/python3.8/site-packages:${PYTHONPATH} /usr/bin/python3 -W ignore:setup.py install is deprecated setup.py egg_info --egg-base ../build/amiga_navigate build --build-base /home/cairlab/amiga/src/build/amiga_navigate/build install --record /home/cairlab/amiga/src/build/amiga_navigate/install.log --install-scripts $base/lib/amiga_navigate --single-version-externally-managed install_data
[7.181s] Level 1:colcon.colcon_core.environment:checking '/home/cairlab/amiga/src/install/amiga_navigate' for CMake config files
[7.184s] Level 1:colcon.colcon_core.environment:checking '/home/cairlab/amiga/src/install/amiga_navigate/lib'
[7.184s] Level 1:colcon.colcon_core.environment:checking '/home/cairlab/amiga/src/install/amiga_navigate/bin'
[7.184s] Level 1:colcon.colcon_core.environment:checking '/home/cairlab/amiga/src/install/amiga_navigate/lib/pkgconfig/amiga_navigate.pc'
[7.185s] Level 1:colcon.colcon_core.environment:checking '/home/cairlab/amiga/src/install/amiga_navigate/lib/python3.8/site-packages'
[7.185s] Level 1:colcon.colcon_core.shell:create_environment_hook('amiga_navigate', 'pythonpath')
[7.186s] INFO:colcon.colcon_core.shell:Creating environment hook '/home/cairlab/amiga/src/install/amiga_navigate/share/amiga_navigate/hook/pythonpath.ps1'
[7.188s] INFO:colcon.colcon_core.shell:Creating environment descriptor '/home/cairlab/amiga/src/install/amiga_navigate/share/amiga_navigate/hook/pythonpath.dsv'
[7.191s] INFO:colcon.colcon_core.shell:Creating environment hook '/home/cairlab/amiga/src/install/amiga_navigate/share/amiga_navigate/hook/pythonpath.sh'
[7.193s] Level 1:colcon.colcon_core.environment:checking '/home/cairlab/amiga/src/install/amiga_navigate/bin'
[7.194s] Level 1:colcon.colcon_core.environment:create_environment_scripts_only(amiga_navigate)
[7.195s] INFO:colcon.colcon_core.shell:Creating package script '/home/cairlab/amiga/src/install/amiga_navigate/share/amiga_navigate/package.ps1'
[7.198s] INFO:colcon.colcon_core.shell:Creating package descriptor '/home/cairlab/amiga/src/install/amiga_navigate/share/amiga_navigate/package.dsv'
[7.201s] INFO:colcon.colcon_core.shell:Creating package script '/home/cairlab/amiga/src/install/amiga_navigate/share/amiga_navigate/package.sh'
[7.203s] INFO:colcon.colcon_core.shell:Creating package script '/home/cairlab/amiga/src/install/amiga_navigate/share/amiga_navigate/package.bash'
[7.204s] INFO:colcon.colcon_core.shell:Creating package script '/home/cairlab/amiga/src/install/amiga_navigate/share/amiga_navigate/package.zsh'
[7.205s] Level 1:colcon.colcon_core.environment:create_file_with_runtime_dependencies(/home/cairlab/amiga/src/install/amiga_navigate/share/colcon-core/packages/amiga_navigate)
[7.207s] DEBUG:colcon.colcon_parallel_executor.executor.parallel:closing loop
[7.208s] DEBUG:colcon.colcon_parallel_executor.executor.parallel:loop closed
[7.209s] DEBUG:colcon.colcon_parallel_executor.executor.parallel:run_until_complete finished with '0'
[7.210s] DEBUG:colcon.colcon_core.event_reactor:joining thread
[7.235s] INFO:colcon.colcon_core.plugin_system:Skipping extension 'colcon_notification.desktop_notification.terminal_notifier': Not used on non-Darwin systems
[7.235s] INFO:colcon.colcon_core.plugin_system:Skipping extension 'colcon_notification.desktop_notification.win32': Not used on non-Windows systems
[7.235s] INFO:colcon.colcon_notification.desktop_notification:Sending desktop notification using 'notify2'
[7.299s] DEBUG:colcon.colcon_core.event_reactor:joined thread
[7.300s] INFO:colcon.colcon_core.shell:Creating prefix script '/home/cairlab/amiga/src/install/local_setup.ps1'
[7.304s] INFO:colcon.colcon_core.shell:Creating prefix util module '/home/cairlab/amiga/src/install/_local_setup_util_ps1.py'
[7.310s] INFO:colcon.colcon_core.shell:Creating prefix chain script '/home/cairlab/amiga/src/install/setup.ps1'
[7.315s] INFO:colcon.colcon_core.shell:Creating prefix script '/home/cairlab/amiga/src/install/local_setup.sh'
[7.317s] INFO:colcon.colcon_core.shell:Creating prefix util module '/home/cairlab/amiga/src/install/_local_setup_util_sh.py'
[7.319s] INFO:colcon.colcon_core.shell:Creating prefix chain script '/home/cairlab/amiga/src/install/setup.sh'
[7.325s] INFO:colcon.colcon_core.shell:Creating prefix script '/home/cairlab/amiga/src/install/local_setup.bash'
[7.327s] INFO:colcon.colcon_core.shell:Creating prefix chain script '/home/cairlab/amiga/src/install/setup.bash'
[7.331s] INFO:colcon.colcon_core.shell:Creating prefix script '/home/cairlab/amiga/src/install/local_setup.zsh'
[7.333s] INFO:colcon.colcon_core.shell:Creating prefix chain script '/home/cairlab/amiga/src/install/setup.zsh'
