[3.873s] Invoking command in '/home/cairlab/amiga/src/amiga_navigate': PYTHONPATH=/home/cairlab/amiga/src/build/amiga_navigate/prefix_override:/home/cairlab/amiga/src/install/amiga_navigate/lib/python3.8/site-packages: /usr/bin/python3 -W ignore:setup.py install is deprecated setup.py egg_info --egg-base ../build/amiga_navigate build --build-base /home/cairlab/amiga/src/build/amiga_navigate/build install --record /home/cairlab/amiga/src/build/amiga_navigate/install.log --install-scripts $base/lib/amiga_navigate --single-version-externally-managed install_data
[4.683s] running egg_info
[4.687s] writing ../build/amiga_navigate/amiga_navigate.egg-info/PKG-INFO
[4.688s] writing dependency_links to ../build/amiga_navigate/amiga_navigate.egg-info/dependency_links.txt
[4.689s] writing entry points to ../build/amiga_navigate/amiga_navigate.egg-info/entry_points.txt
[4.689s] writing requirements to ../build/amiga_navigate/amiga_navigate.egg-info/requires.txt
[4.689s] writing top-level names to ../build/amiga_navigate/amiga_navigate.egg-info/top_level.txt
[4.837s] reading manifest file '../build/amiga_navigate/amiga_navigate.egg-info/SOURCES.txt'
[4.838s] writing manifest file '../build/amiga_navigate/amiga_navigate.egg-info/SOURCES.txt'
[4.841s] running build
[4.842s] running build_py
[4.846s] running install
[4.850s] running install_lib
[4.861s] running install_data
[4.862s] running install_egg_info
[4.870s] removing '/home/cairlab/amiga/src/install/amiga_navigate/lib/python3.8/site-packages/amiga_navigate-0.0.0-py3.8.egg-info' (and everything under it)
[4.873s] Copying ../build/amiga_navigate/amiga_navigate.egg-info to /home/cairlab/amiga/src/install/amiga_navigate/lib/python3.8/site-packages/amiga_navigate-0.0.0-py3.8.egg-info
[4.879s] running install_scripts
[4.968s] Installing navigate script to /home/cairlab/amiga/src/install/amiga_navigate/lib/amiga_navigate
[4.969s] Installing pid_controller script to /home/cairlab/amiga/src/install/amiga_navigate/lib/amiga_navigate
[4.973s] writing list of installed files to '/home/cairlab/amiga/src/build/amiga_navigate/install.log'
[5.073s] Invoked command in '/home/cairlab/amiga/src/amiga_navigate' returned '0': PYTHONPATH=/home/cairlab/amiga/src/build/amiga_navigate/prefix_override:/home/cairlab/amiga/src/install/amiga_navigate/lib/python3.8/site-packages: /usr/bin/python3 -W ignore:setup.py install is deprecated setup.py egg_info --egg-base ../build/amiga_navigate build --build-base /home/cairlab/amiga/src/build/amiga_navigate/build install --record /home/cairlab/amiga/src/build/amiga_navigate/install.log --install-scripts $base/lib/amiga_navigate --single-version-externally-managed install_data
